This file contains any messages produced by compilers while
running configure, to aid debugging if configure makes a mistake.

It was created by configure, which was
generated by GNU Autoconf 2.59.  Invocation command line was

  $ ./configure 

## --------- ##
## Platform. ##
## --------- ##

hostname = INOCESvmps1
uname -m = i686
uname -r = 2.6.11.4-20a-smp
uname -s = Linux
uname -v = #1 SMP Wed Mar 23 21:52:37 UTC 2005

/usr/bin/uname -p = unknown
/bin/uname -X     = unknown

/bin/arch              = i686
/usr/bin/arch -k       = unknown
/usr/convex/getsysinfo = unknown
hostinfo               = unknown
/bin/machine           = unknown
/usr/bin/oslevel       = unknown
/bin/universe          = unknown

PATH: /sbin
PATH: /usr/sbin
PATH: /usr/local/sbin
PATH: /root/bin
PATH: /usr/local/bin
PATH: /usr/bin
PATH: /usr/X11R6/bin
PATH: /bin
PATH: /usr/games
PATH: /opt/gnome/bin
PATH: /secure
PATH: /usr/local/bin
PATH: /usr/local/sbin


## ----------- ##
## Core tests. ##
## ----------- ##

configure:1340: checking for a BSD-compatible install
configure:1395: result: /usr/bin/install -c
configure:1406: checking whether build environment is sane
configure:1449: result: yes
configure:1506: checking for gawk
configure:1522: found /usr/bin/gawk
configure:1532: result: gawk
configure:1542: checking whether make sets $(MAKE)
configure:1562: result: yes
configure:1773: checking for gcc
configure:1789: found /usr/bin/gcc
configure:1799: result: gcc
configure:2043: checking for C compiler version
configure:2046: gcc --version </dev/null >&5
gcc (GCC) 3.3.5 20050117 (prerelease) (SUSE Linux)
Copyright (C) 2003 Free Software Foundation, Inc.
This is free software; see the source for copying conditions.  There is NO
warranty; not even for MERCHANTABILITY or FITNESS FOR A PARTICULAR PURPOSE.

configure:2049: $? = 0
configure:2051: gcc -v </dev/null >&5
Reading specs from /usr/lib/gcc-lib/i586-suse-linux/3.3.5/specs
Configured with: ../configure --enable-threads=posix --prefix=/usr --with-local-prefix=/usr/local --infodir=/usr/share/info --mandir=/usr/share/man --enable-languages=c,c++,f77,objc,java,ada --disable-checking --libdir=/usr/lib --enable-libgcj --with-slibdir=/lib --with-system-zlib --enable-shared --enable-__cxa_atexit i586-suse-linux
Thread model: posix
gcc version 3.3.5 20050117 (prerelease) (SUSE Linux)
configure:2054: $? = 0
configure:2056: gcc -V </dev/null >&5
gcc: `-V' option must have argument
configure:2059: $? = 1
configure:2082: checking for C compiler default output file name
configure:2085: gcc    conftest.c  >&5
configure:2088: $? = 0
configure:2134: result: a.out
configure:2139: checking whether the C compiler works
configure:2145: ./a.out
configure:2148: $? = 0
configure:2165: result: yes
configure:2172: checking whether we are cross compiling
configure:2174: result: no
configure:2177: checking for suffix of executables
configure:2179: gcc -o conftest    conftest.c  >&5
configure:2182: $? = 0
configure:2207: result: 
configure:2213: checking for suffix of object files
configure:2234: gcc -c   conftest.c >&5
configure:2237: $? = 0
configure:2259: result: o
configure:2263: checking whether we are using the GNU C compiler
configure:2287: gcc -c   conftest.c >&5
configure:2293: $? = 0
configure:2297: test -z 
			 || test ! -s conftest.err
configure:2300: $? = 0
configure:2303: test -s conftest.o
configure:2306: $? = 0
configure:2319: result: yes
configure:2325: checking whether gcc accepts -g
configure:2346: gcc -c -g  conftest.c >&5
configure:2352: $? = 0
configure:2356: test -z 
			 || test ! -s conftest.err
configure:2359: $? = 0
configure:2362: test -s conftest.o
configure:2365: $? = 0
configure:2376: result: yes
configure:2393: checking for gcc option to accept ANSI C
configure:2463: gcc  -c -g -O2  conftest.c >&5
configure:2469: $? = 0
configure:2473: test -z 
			 || test ! -s conftest.err
configure:2476: $? = 0
configure:2479: test -s conftest.o
configure:2482: $? = 0
configure:2500: result: none needed
configure:2518: gcc -c -g -O2  conftest.c >&5
conftest.c:2: error: syntax error before "me"
configure:2524: $? = 1
configure: failed program was:
| #ifndef __cplusplus
|   choke me
| #endif
configure:2668: checking for style of include used by make
configure:2696: result: GNU
configure:2724: checking dependency style of gcc
configure:2809: result: gcc3
configure:2831: checking for library containing inet_ntoa
configure:2861: gcc -o conftest -g -O2   conftest.c  >&5
configure:2867: $? = 0
configure:2871: test -z 
			 || test ! -s conftest.err
configure:2874: $? = 0
configure:2877: test -s conftest
configure:2880: $? = 0
configure:2950: result: none required
configure:2957: checking for library containing inet_aton
configure:2987: gcc -o conftest -g -O2   conftest.c  >&5
configure:2993: $? = 0
configure:2997: test -z 
			 || test ! -s conftest.err
configure:3000: $? = 0
configure:3003: test -s conftest
configure:3006: $? = 0
configure:3076: result: none required
configure:3083: checking for library containing socket
configure:3113: gcc -o conftest -g -O2   conftest.c  >&5
configure:3119: $? = 0
configure:3123: test -z 
			 || test ! -s conftest.err
configure:3126: $? = 0
configure:3129: test -s conftest
configure:3132: $? = 0
configure:3202: result: none required
configure:3215: checking how to run the C preprocessor
configure:3250: gcc -E  conftest.c
configure:3256: $? = 0
configure:3288: gcc -E  conftest.c
conftest.c:11:28: ac_nonexistent.h: No such file or directory
configure:3294: $? = 1
configure: failed program was:
| /* confdefs.h.  */
| 
| #define PACKAGE_NAME ""
| #define PACKAGE_TARNAME ""
| #define PACKAGE_VERSION ""
| #define PACKAGE_STRING ""
| #define PACKAGE_BUGREPORT ""
| #define PACKAGE "vmpsd"
| #define VERSION "1.3"
| /* end confdefs.h.  */
| #include <ac_nonexistent.h>
configure:3333: result: gcc -E
configure:3357: gcc -E  conftest.c
configure:3363: $? = 0
configure:3395: gcc -E  conftest.c
conftest.c:11:28: ac_nonexistent.h: No such file or directory
configure:3401: $? = 1
configure: failed program was:
| /* confdefs.h.  */
| 
| #define PACKAGE_NAME ""
| #define PACKAGE_TARNAME ""
| #define PACKAGE_VERSION ""
| #define PACKAGE_STRING ""
| #define PACKAGE_BUGREPORT ""
| #define PACKAGE "vmpsd"
| #define VERSION "1.3"
| /* end confdefs.h.  */
| #include <ac_nonexistent.h>
configure:3445: checking for egrep
configure:3455: result: grep -E
configure:3460: checking for ANSI C header files
configure:3485: gcc -c -g -O2  conftest.c >&5
configure:3491: $? = 0
configure:3495: test -z 
			 || test ! -s conftest.err
configure:3498: $? = 0
configure:3501: test -s conftest.o
configure:3504: $? = 0
configure:3593: gcc -o conftest -g -O2   conftest.c  >&5
configure:3596: $? = 0
configure:3598: ./conftest
configure:3601: $? = 0
configure:3616: result: yes
configure:3626: checking for sys/wait.h that is POSIX.1 compatible
configure:3657: gcc -c -g -O2  conftest.c >&5
configure:3663: $? = 0
configure:3667: test -z 
			 || test ! -s conftest.err
configure:3670: $? = 0
configure:3673: test -s conftest.o
configure:3676: $? = 0
configure:3687: result: yes
configure:3711: checking for sys/types.h
configure:3727: gcc -c -g -O2  conftest.c >&5
configure:3733: $? = 0
configure:3737: test -z 
			 || test ! -s conftest.err
configure:3740: $? = 0
configure:3743: test -s conftest.o
configure:3746: $? = 0
configure:3757: result: yes
configure:3711: checking for sys/stat.h
configure:3727: gcc -c -g -O2  conftest.c >&5
configure:3733: $? = 0
configure:3737: test -z 
			 || test ! -s conftest.err
configure:3740: $? = 0
configure:3743: test -s conftest.o
configure:3746: $? = 0
configure:3757: result: yes
configure:3711: checking for stdlib.h
configure:3727: gcc -c -g -O2  conftest.c >&5
configure:3733: $? = 0
configure:3737: test -z 
			 || test ! -s conftest.err
configure:3740: $? = 0
configure:3743: test -s conftest.o
configure:3746: $? = 0
configure:3757: result: yes
configure:3711: checking for string.h
configure:3727: gcc -c -g -O2  conftest.c >&5
configure:3733: $? = 0
configure:3737: test -z 
			 || test ! -s conftest.err
configure:3740: $? = 0
configure:3743: test -s conftest.o
configure:3746: $? = 0
configure:3757: result: yes
configure:3711: checking for memory.h
configure:3727: gcc -c -g -O2  conftest.c >&5
configure:3733: $? = 0
configure:3737: test -z 
			 || test ! -s conftest.err
configure:3740: $? = 0
configure:3743: test -s conftest.o
configure:3746: $? = 0
configure:3757: result: yes
configure:3711: checking for strings.h
configure:3727: gcc -c -g -O2  conftest.c >&5
configure:3733: $? = 0
configure:3737: test -z 
			 || test ! -s conftest.err
configure:3740: $? = 0
configure:3743: test -s conftest.o
configure:3746: $? = 0
configure:3757: result: yes
configure:3711: checking for inttypes.h
configure:3727: gcc -c -g -O2  conftest.c >&5
configure:3733: $? = 0
configure:3737: test -z 
			 || test ! -s conftest.err
configure:3740: $? = 0
configure:3743: test -s conftest.o
configure:3746: $? = 0
configure:3757: result: yes
configure:3711: checking for stdint.h
configure:3727: gcc -c -g -O2  conftest.c >&5
configure:3733: $? = 0
configure:3737: test -z 
			 || test ! -s conftest.err
configure:3740: $? = 0
configure:3743: test -s conftest.o
configure:3746: $? = 0
configure:3757: result: yes
configure:3711: checking for unistd.h
configure:3727: gcc -c -g -O2  conftest.c >&5
configure:3733: $? = 0
configure:3737: test -z 
			 || test ! -s conftest.err
configure:3740: $? = 0
configure:3743: test -s conftest.o
configure:3746: $? = 0
configure:3757: result: yes
configure:3786: checking sys/file.h usability
configure:3798: gcc -c -g -O2  conftest.c >&5
configure:3804: $? = 0
configure:3808: test -z 
			 || test ! -s conftest.err
configure:3811: $? = 0
configure:3814: test -s conftest.o
configure:3817: $? = 0
configure:3827: result: yes
configure:3831: checking sys/file.h presence
configure:3841: gcc -E  conftest.c
configure:3847: $? = 0
configure:3867: result: yes
configure:3902: checking for sys/file.h
configure:3909: result: yes
configure:3786: checking sys/ioctl.h usability
configure:3798: gcc -c -g -O2  conftest.c >&5
configure:3804: $? = 0
configure:3808: test -z 
			 || test ! -s conftest.err
configure:3811: $? = 0
configure:3814: test -s conftest.o
configure:3817: $? = 0
configure:3827: result: yes
configure:3831: checking sys/ioctl.h presence
configure:3841: gcc -E  conftest.c
configure:3847: $? = 0
configure:3867: result: yes
configure:3902: checking for sys/ioctl.h
configure:3909: result: yes
configure:3786: checking syslog.h usability
configure:3798: gcc -c -g -O2  conftest.c >&5
configure:3804: $? = 0
configure:3808: test -z 
			 || test ! -s conftest.err
configure:3811: $? = 0
configure:3814: test -s conftest.o
configure:3817: $? = 0
configure:3827: result: yes
configure:3831: checking syslog.h presence
configure:3841: gcc -E  conftest.c
configure:3847: $? = 0
configure:3867: result: yes
configure:3902: checking for syslog.h
configure:3909: result: yes
configure:3777: checking for unistd.h
configure:3782: result: yes
configure:3923: checking for an ANSI C-conforming const
configure:3990: gcc -c -g -O2  conftest.c >&5
configure:3996: $? = 0
configure:4000: test -z 
			 || test ! -s conftest.err
configure:4003: $? = 0
configure:4006: test -s conftest.o
configure:4009: $? = 0
configure:4020: result: yes
configure:4030: checking return type of signal handlers
configure:4061: gcc -c -g -O2  conftest.c >&5
configure:4067: $? = 0
configure:4071: test -z 
			 || test ! -s conftest.err
configure:4074: $? = 0
configure:4077: test -s conftest.o
configure:4080: $? = 0
configure:4091: result: void
configure:4101: checking whether gcc needs -traditional
configure:4143: result: no
configure:4150: checking for working memcmp
configure:4198: gcc -o conftest -g -O2   conftest.c  >&5
configure:4201: $? = 0
configure:4203: ./conftest
configure:4206: $? = 0
configure:4220: result: yes
configure:4231: checking whether setpgrp takes no argument
configure:4263: gcc -o conftest -g -O2   conftest.c  >&5
conftest.c: In function `main':
conftest.c:37: error: too many arguments to function `setpgrp'
configure:4266: $? = 1
configure: program exited with status 1
configure: failed program was:
| /* confdefs.h.  */
| 
| #define PACKAGE_NAME ""
| #define PACKAGE_TARNAME ""
| #define PACKAGE_VERSION ""
| #define PACKAGE_STRING ""
| #define PACKAGE_BUGREPORT ""
| #define PACKAGE "vmpsd"
| #define VERSION "1.3"
| #define STDC_HEADERS 1
| #define HAVE_SYS_WAIT_H 1
| #define HAVE_SYS_TYPES_H 1
| #define HAVE_SYS_STAT_H 1
| #define HAVE_STDLIB_H 1
| #define HAVE_STRING_H 1
| #define HAVE_MEMORY_H 1
| #define HAVE_STRINGS_H 1
| #define HAVE_INTTYPES_H 1
| #define HAVE_STDINT_H 1
| #define HAVE_UNISTD_H 1
| #define HAVE_SYS_FILE_H 1
| #define HAVE_SYS_IOCTL_H 1
| #define HAVE_SYSLOG_H 1
| #define HAVE_UNISTD_H 1
| #define RETSIGTYPE void
| /* end confdefs.h.  */
| #if HAVE_UNISTD_H
| # include <unistd.h>
| #endif
| 
| int
| main ()
| {
| /* If this system has a BSD-style setpgrp which takes arguments,
|   setpgrp(1, 1) will fail with ESRCH and return -1, in that case
|   exit successfully. */
|   exit (setpgrp (1,1) == -1 ? 0 : 1);
|   ;
|   return 0;
| }
configure:4285: result: yes
configure:4295: checking return type of signal handlers
configure:4356: result: void
configure:4364: checking for wait3 that fills in rusage
configure:4415: gcc -o conftest -g -O2   conftest.c  >&5
configure:4418: $? = 0
configure:4420: ./conftest
configure:4423: $? = 0
configure:4437: result: yes
configure:4451: checking for socket
configure:4508: gcc -o conftest -g -O2   conftest.c  >&5
configure:4514: $? = 0
configure:4518: test -z 
			 || test ! -s conftest.err
configure:4521: $? = 0
configure:4524: test -s conftest
configure:4527: $? = 0
configure:4539: result: yes
configure:4553: checking for vsprintf
configure:4610: gcc -o conftest -g -O2   conftest.c  >&5
conftest.c:55: warning: conflicting types for built-in function `vsprintf'
configure:4616: $? = 0
configure:4620: test -z 
			 || test ! -s conftest.err
configure:4623: $? = 0
configure:4626: test -s conftest
configure:4629: $? = 0
configure:4641: result: yes
configure:4659: checking for sigaction
configure:4716: gcc -o conftest -g -O2   conftest.c  >&5
configure:4722: $? = 0
configure:4726: test -z 
			 || test ! -s conftest.err
configure:4729: $? = 0
configure:4732: test -s conftest
configure:4735: $? = 0
configure:4747: result: yes
configure:4887: creating ./config.status

## ---------------------- ##
## Running config.status. ##
## ---------------------- ##

This file was extended by config.status, which was
generated by GNU Autoconf 2.59.  Invocation command line was

  CONFIG_FILES    = 
  CONFIG_HEADERS  = 
  CONFIG_LINKS    = 
  CONFIG_COMMANDS = 
  $ ./config.status 

on INOCESvmps1

config.status:690: creating Makefile
config.status:794: creating config.h
config.status:1104: executing depfiles commands

## ---------------- ##
## Cache variables. ##
## ---------------- ##

ac_cv_c_compiler_gnu=yes
ac_cv_c_const=yes
ac_cv_env_CC_set=
ac_cv_env_CC_value=
ac_cv_env_CFLAGS_set=
ac_cv_env_CFLAGS_value=
ac_cv_env_CPPFLAGS_set=
ac_cv_env_CPPFLAGS_value=
ac_cv_env_CPP_set=
ac_cv_env_CPP_value=
ac_cv_env_LDFLAGS_set=
ac_cv_env_LDFLAGS_value=
ac_cv_env_build_alias_set=
ac_cv_env_build_alias_value=
ac_cv_env_host_alias_set=
ac_cv_env_host_alias_value=
ac_cv_env_target_alias_set=
ac_cv_env_target_alias_value=
ac_cv_exeext=
ac_cv_func_memcmp_working=yes
ac_cv_func_setpgrp_void=yes
ac_cv_func_sigaction=yes
ac_cv_func_socket=yes
ac_cv_func_vsprintf=yes
ac_cv_func_wait3_rusage=yes
ac_cv_header_inttypes_h=yes
ac_cv_header_memory_h=yes
ac_cv_header_stdc=yes
ac_cv_header_stdint_h=yes
ac_cv_header_stdlib_h=yes
ac_cv_header_string_h=yes
ac_cv_header_strings_h=yes
ac_cv_header_sys_file_h=yes
ac_cv_header_sys_ioctl_h=yes
ac_cv_header_sys_stat_h=yes
ac_cv_header_sys_types_h=yes
ac_cv_header_sys_wait_h=yes
ac_cv_header_syslog_h=yes
ac_cv_header_unistd_h=yes
ac_cv_objext=o
ac_cv_path_install='/usr/bin/install -c'
ac_cv_prog_AWK=gawk
ac_cv_prog_CPP='gcc -E'
ac_cv_prog_ac_ct_CC=gcc
ac_cv_prog_cc_g=yes
ac_cv_prog_cc_stdc=
ac_cv_prog_egrep='grep -E'
ac_cv_prog_gcc_traditional=no
ac_cv_prog_make_make_set=yes
ac_cv_search_inet_aton='none required'
ac_cv_search_inet_ntoa='none required'
ac_cv_search_socket='none required'
ac_cv_type_signal=void
am_cv_CC_dependencies_compiler_type=gcc3

## ----------------- ##
## Output variables. ##
## ----------------- ##

ACLOCAL='${SHELL} /opt/install/vmpsd/missing --run aclocal-1.8'
AMDEPBACKSLASH='\'
AMDEP_FALSE='#'
AMDEP_TRUE=''
AMTAR='${SHELL} /opt/install/vmpsd/missing --run tar'
AUTOCONF='${SHELL} /opt/install/vmpsd/missing --run autoconf'
AUTOHEADER='${SHELL} /opt/install/vmpsd/missing --run autoheader'
AUTOMAKE='${SHELL} /opt/install/vmpsd/missing --run automake-1.8'
AWK='gawk'
CC='gcc'
CCDEPMODE='depmode=gcc3'
CFLAGS='-g -O2'
CPP='gcc -E'
CPPFLAGS=''
CYGPATH_W='echo'
DEFS='-DHAVE_CONFIG_H'
DEPDIR='.deps'
ECHO_C=''
ECHO_N='-n'
ECHO_T=''
EGREP='grep -E'
EXEEXT=''
INSTALL_DATA='${INSTALL} -m 644'
INSTALL_PROGRAM='${INSTALL}'
INSTALL_SCRIPT='${INSTALL}'
INSTALL_STRIP_PROGRAM='${SHELL} $(install_sh) -c -s'
LDFLAGS=''
LIBOBJS=''
LIBS=''
LTLIBOBJS=''
MAKEINFO='${SHELL} /opt/install/vmpsd/missing --run makeinfo'
OBJEXT='o'
PACKAGE='vmpsd'
PACKAGE_BUGREPORT=''
PACKAGE_NAME=''
PACKAGE_STRING=''
PACKAGE_TARNAME=''
PACKAGE_VERSION=''
PATH_SEPARATOR=':'
SET_MAKE=''
SHELL='/bin/sh'
SNMP_LIB=''
SNMP_OBJECTS=''
SNMP_SOURCES=''
STRIP=''
VERSION='1.3'
ac_ct_CC='gcc'
ac_ct_STRIP=''
am__fastdepCC_FALSE='#'
am__fastdepCC_TRUE=''
am__include='include'
am__leading_dot='.'
am__quote=''
bindir='${exec_prefix}/bin'
build_alias=''
datadir='${prefix}/share'
exec_prefix='${prefix}'
host_alias=''
includedir='${prefix}/include'
infodir='${prefix}/info'
install_sh='/opt/install/vmpsd/install-sh'
libdir='${exec_prefix}/lib'
libexecdir='${exec_prefix}/libexec'
localstatedir='${prefix}/var'
mandir='${prefix}/man'
mkdir_p='mkdir -p -- .'
oldincludedir='/usr/include'
prefix='/usr/local'
program_transform_name='s,x,x,'
sbindir='${exec_prefix}/sbin'
sharedstatedir='${prefix}/com'
sysconfdir='${prefix}/etc'
target_alias=''

## ----------- ##
## confdefs.h. ##
## ----------- ##

#define HAVE_INTTYPES_H 1
#define HAVE_MEMORY_H 1
#define HAVE_SIGACTION 1
#define HAVE_SOCKET 1
#define HAVE_STDINT_H 1
#define HAVE_STDLIB_H 1
#define HAVE_STRINGS_H 1
#define HAVE_STRING_H 1
#define HAVE_SYSLOG_H 1
#define HAVE_SYS_FILE_H 1
#define HAVE_SYS_IOCTL_H 1
#define HAVE_SYS_STAT_H 1
#define HAVE_SYS_TYPES_H 1
#define HAVE_SYS_WAIT_H 1
#define HAVE_UNISTD_H 1
#define HAVE_UNISTD_H 1
#define HAVE_VSPRINTF 1
#define HAVE_WAIT3 1
#define PACKAGE "vmpsd"
#define PACKAGE_BUGREPORT ""
#define PACKAGE_NAME ""
#define PACKAGE_STRING ""
#define PACKAGE_TARNAME ""
#define PACKAGE_VERSION ""
#define RETSIGTYPE void
#define RETSIGTYPE void
#define SETPGRP_VOID 1
#define STDC_HEADERS 1
#define VERSION "1.3"

configure: exit 0
